[35m[Appium][39m Welcome to Appium v2.5.1
[35m[Appium][39m Non-default server args:
[35m[Appium][39m { basePath: [32m'/wd/hub'[39m, loglevel: [32m'info'[39m, port: [33m60339[39m }
[35m[Appium][39m Attempting to load driver uiautomator2...
[Appium] Appium REST http interface listener started on http://0.0.0.0:60339/wd/hub
[Appium] You can provide the following URLs in your client code to connect to this server:
[Appium] 	http://127.0.0.1:60339/wd/hub (only accessible from the same host)
[Appium] 	http://192.168.43.12:60339/wd/hub
[Appium] Available drivers:
[Appium]   - uiautomator2@3.0.2 (automationName 'UiAutomator2')
[Appium] No plugins have been installed. Use the "appium plugin" command to install the one(s) you want to use.
[38;5;0m[HTTP][0m [37m-->[39m [37mGET[39m [37m/wd/hub/status[39m
[38;5;0m[HTTP][0m {}
[38;5;0m[HTTP][0m <-- GET /wd/hub/status 200 3 ms - 110
[38;5;0m[HTTP][0m 
[38;5;0m[HTTP][0m [37m-->[39m [37mGET[39m [37m/wd/hub/status[39m
[38;5;0m[HTTP][0m {}
[38;5;0m[HTTP][0m <-- GET /wd/hub/status 200 0 ms - 110
[38;5;0m[HTTP][0m 
[38;5;0m[HTTP][0m [37m-->[39m [37mPOST[39m [37m/wd/hub/session[39m
[38;5;0m[HTTP][0m {"desiredCapabilities":{"appium:systemPort":60349,"appium:newCommandTimeout":1800,"appium:appWaitActivity":"","appium:automationName":"uiautomator2","appium:fullReset":false,"appium:platformVersion":"14","appium:deviceId":"","appium:noReset":true,"appium:udid":"RRCT4020EHP","appium:autoGrantPermissions":true,"appium:platformName":"ANDROID","appium:deviceName":"samsung SM-A336E (Android 14)","platformName":"Android","appium:app":"/Users/macbook-chritinerasi/Downloads/facebook-454-0-0-44-104.apk"},"capabilities":{"firstMatch":[{"appium:app":"/Users/macbook-chritinerasi/Downloads/facebook-454-0-0-44-104.apk","appium:appWaitActivity":"","appium:autoGrantPermissions":true,"appium:automationName":"uiautomator2","appium:deviceId":"","appium:deviceName":"samsung SM-A336E (Android 14)","appium:fullReset":false,"appium:newCommandTimeout":1800,"appium:noReset":true,"appium:platformName":"ANDROID","appium:platformVersion":"14","appium:systemPort":60349,"appium:udid":"RRCT4020EHP","platformName":"android"}]}}
[38;5;32m[BaseDriver][0m Ignoring capability 'appium:platformName=ANDROID' and using capability 'platformName=android'
[38;5;32m[BaseDriver][0m The capabilities ["platformName"] are standard capabilities and do not require "appium:" prefix
[Appium] Attempting to find matching driver for automationName 'uiautomator2' and platformName 'android'
[Appium] The 'uiautomator2' driver was installed and matched caps.
[Appium] Will require it at /Users/macbook-chritinerasi/.appium/node_modules/appium-uiautomator2-driver
[38;5;16m[AppiumDriver@c69f][0m Appium v2.5.1 creating new AndroidUiautomator2Driver (v3.0.2) session
[38;5;16m[AppiumDriver@c69f][0m Checking BaseDriver versions for Appium and AndroidUiautomator2Driver
[38;5;16m[AppiumDriver@c69f][0m Appium's BaseDriver version is 9.5.2
[38;5;16m[AppiumDriver@c69f][0m AndroidUiautomator2Driver's BaseDriver version is 9.5.2
[38;5;48m[AndroidUiautomator2Driver@ec5b][0m The following provided capabilities were not recognized by this driver:
[38;5;48m[AndroidUiautomator2Driver@ec5b][0m   deviceId
[38;5;48m[AndroidUiautomator2Driver@ec5b (b9c5df52)][0m Session created with session id: b9c5df52-b92f-48a7-a90e-4a3b3638c62c
[38;5;64m[ADB][0m Found 1 'build-tools' folders under '/Users/macbook-chritinerasi/.katalon/tools/android_sdk' (newest first):
[38;5;64m[ADB][0m     /Users/macbook-chritinerasi/.katalon/tools/android_sdk/build-tools/29.0.3
[38;5;64m[ADB][0m Using 'adb' from '/Users/macbook-chritinerasi/.katalon/tools/android_sdk/platform-tools/adb'
[38;5;48m[AndroidUiautomator2Driver@ec5b (b9c5df52)][0m Retrieving device list
[38;5;48m[AndroidUiautomator2Driver@ec5b (b9c5df52)][0m Using device: RRCT4020EHP
[38;5;64m[ADB][0m Using 'adb' from '/Users/macbook-chritinerasi/.katalon/tools/android_sdk/platform-tools/adb'
[38;5;32m[BaseDriver][0m Using local app '/Users/macbook-chritinerasi/Downloads/facebook-454-0-0-44-104.apk'
[38;5;64m[ADB][0m Getting device platform version
[38;5;48m[AndroidUiautomator2Driver@ec5b (b9c5df52)][0m Relaxing hidden api policy
[38;5;64m[ADB][0m Package name: 'com.facebook.katana'
[38;5;64m[ADB][0m Main activity name: 'com.facebook.katana.LoginActivity'
[38;5;64m[ADB][0m Using 'apksigner.jar' from '/Users/macbook-chritinerasi/.katalon/tools/android_sdk/build-tools/29.0.3/lib/apksigner.jar'
[38;5;64m[ADB][0m '/Users/macbook-chritinerasi/.appium/node_modules/appium-uiautomator2-driver/node_modules/appium-uiautomator2-server/apks/appium-uiautomator2-server-debug-androidTest.apk' is signed with the default certificate
[38;5;64m[ADB][0m '/Users/macbook-chritinerasi/.appium/node_modules/appium-uiautomator2-driver/node_modules/appium-uiautomator2-server/apks/appium-uiautomator2-server-v7.0.3.apk' is signed with the default certificate
[38;5;64m[ADB][0m '/Users/macbook-chritinerasi/Downloads/facebook-454-0-0-44-104.apk' is signed with a non-default certificate
[38;5;48m[AndroidUiautomator2Driver@ec5b (b9c5df52)][0m Server packages are not going to be (re)installed
[38;5;64m[ADB][0m The application at '/Users/macbook-chritinerasi/Downloads/facebook-454-0-0-44-104.apk' will not be cached, because the device under test has confirmed the support of streamed installs
[38;5;64m[ADB][0m Adding packages ["io.appium.settings","io.appium.uiautomator2.server","io.appium.uiautomator2.server.test"] to Doze whitelist
[38;5;64m[ADB][0m The installation of 'facebook-454-0-0-44-104.apk' took 22795ms
[38;5;48m[AndroidUiautomator2Driver@ec5b (b9c5df52)][0m Starting UIAutomator2 server 7.0.3
[38;5;48m[AndroidUiautomator2Driver@ec5b (b9c5df52)][0m Using UIAutomator2 server from '/Users/macbook-chritinerasi/.appium/node_modules/appium-uiautomator2-driver/node_modules/appium-uiautomator2-server/apks/appium-uiautomator2-server-v7.0.3.apk' and test from '/Users/macbook-chritinerasi/.appium/node_modules/appium-uiautomator2-driver/node_modules/appium-uiautomator2-server/apks/appium-uiautomator2-server-debug-androidTest.apk'
[38;5;48m[AndroidUiautomator2Driver@ec5b (b9c5df52)][0m Waiting up to 30000ms for UiAutomator2 to be online...
[38;5;48m[AndroidUiautomator2Driver@ec5b (b9c5df52)][0m socket hang up
[38;5;48m[AndroidUiautomator2Driver@ec5b (b9c5df52)][0m socket hang up
[38;5;48m[AndroidUiautomator2Driver@ec5b (b9c5df52)][0m socket hang up
[38;5;48m[AndroidUiautomator2Driver@ec5b (b9c5df52)][0m socket hang up
[38;5;48m[AndroidUiautomator2Driver@ec5b (b9c5df52)][0m Determined the downstream protocol as 'W3C'
[38;5;48m[AndroidUiautomator2Driver@ec5b (b9c5df52)][0m Screen already unlocked, doing nothing
[38;5;48m[AndroidUiautomator2Driver@ec5b (b9c5df52)][0m Starting 'com.facebook.katana/com.facebook.katana.LoginActivity and waiting for 'com.facebook.katana/com.facebook.katana.LoginActivity'
[38;5;16m[AppiumDriver@c69f][0m New AndroidUiautomator2Driver session created successfully, session b9c5df52-b92f-48a7-a90e-4a3b3638c62c added to master session list
[38;5;0m[HTTP][0m <-- POST /wd/hub/session 200 31142 ms - 1284
[38;5;0m[HTTP][0m 
[38;5;0m[HTTP][0m [37m-->[39m [37mGET[39m [37m/wd/hub/session/b9c5df52-b92f-48a7-a90e-4a3b3638c62c[39m
[38;5;0m[HTTP][0m {}
[38;5;0m[HTTP][0m <-- GET /wd/hub/session/b9c5df52-b92f-48a7-a90e-4a3b3638c62c 200 28 ms - 393
[38;5;0m[HTTP][0m 
[38;5;0m[HTTP][0m [37m-->[39m [37mGET[39m [37m/wd/hub/session/b9c5df52-b92f-48a7-a90e-4a3b3638c62c[39m
[38;5;0m[HTTP][0m {}
[38;5;0m[HTTP][0m <-- GET /wd/hub/session/b9c5df52-b92f-48a7-a90e-4a3b3638c62c 200 20 ms - 393
[38;5;0m[HTTP][0m 
[38;5;0m[HTTP][0m [37m-->[39m [37mGET[39m [37m/wd/hub/status[39m
[38;5;0m[HTTP][0m {}
[38;5;0m[HTTP][0m <-- GET /wd/hub/status 200 0 ms - 110
[38;5;0m[HTTP][0m 
[38;5;0m[HTTP][0m [37m-->[39m [37mPOST[39m [37m/wd/hub/session/b9c5df52-b92f-48a7-a90e-4a3b3638c62c/timeouts[39m
[38;5;0m[HTTP][0m {"implicit":60000}
[38;5;0m[HTTP][0m <-- POST /wd/hub/session/b9c5df52-b92f-48a7-a90e-4a3b3638c62c/timeouts 200 1 ms - 14
[38;5;0m[HTTP][0m 
[38;5;0m[HTTP][0m [37m-->[39m [37mGET[39m [37m/wd/hub/session/b9c5df52-b92f-48a7-a90e-4a3b3638c62c/source[39m
[38;5;0m[HTTP][0m {}
[38;5;48m[AndroidUiautomator2Driver@ec5b (b9c5df52)][0m Driver proxy active, passing request on via HTTP proxy
[38;5;48m[AndroidUiautomator2Driver@ec5b (b9c5df52)][0m Replacing sessionId f56bc49b-b344-4ad6-9907-bce1faf65add with b9c5df52-b92f-48a7-a90e-4a3b3638c62c
[38;5;0m[HTTP][0m <-- GET /wd/hub/session/b9c5df52-b92f-48a7-a90e-4a3b3638c62c/source 200 562 ms - 5963
[38;5;0m[HTTP][0m 
[38;5;0m[HTTP][0m [37m-->[39m [37mGET[39m [37m/wd/hub/session/b9c5df52-b92f-48a7-a90e-4a3b3638c62c/screenshot[39m
[38;5;0m[HTTP][0m {}
[38;5;0m[HTTP][0m <-- GET /wd/hub/session/b9c5df52-b92f-48a7-a90e-4a3b3638c62c/screenshot 200 615 ms - 78948
[38;5;0m[HTTP][0m 
[38;5;0m[HTTP][0m [37m-->[39m [37mGET[39m [37m/wd/hub/session/b9c5df52-b92f-48a7-a90e-4a3b3638c62c/source[39m
[38;5;0m[HTTP][0m {}
[38;5;48m[AndroidUiautomator2Driver@ec5b (b9c5df52)][0m Driver proxy active, passing request on via HTTP proxy
[38;5;48m[AndroidUiautomator2Driver@ec5b (b9c5df52)][0m Replacing sessionId f56bc49b-b344-4ad6-9907-bce1faf65add with b9c5df52-b92f-48a7-a90e-4a3b3638c62c
[38;5;0m[HTTP][0m <-- GET /wd/hub/session/b9c5df52-b92f-48a7-a90e-4a3b3638c62c/source 200 83 ms - 3028
[38;5;0m[HTTP][0m 
[38;5;0m[HTTP][0m [37m-->[39m [37mGET[39m [37m/wd/hub/session/b9c5df52-b92f-48a7-a90e-4a3b3638c62c/screenshot[39m
[38;5;0m[HTTP][0m {}
[38;5;0m[HTTP][0m <-- GET /wd/hub/session/b9c5df52-b92f-48a7-a90e-4a3b3638c62c/screenshot 200 848 ms - 61824
[38;5;0m[HTTP][0m 
[38;5;0m[HTTP][0m [37m-->[39m [37mGET[39m [37m/wd/hub/session/b9c5df52-b92f-48a7-a90e-4a3b3638c62c/source[39m
[38;5;0m[HTTP][0m {}
[38;5;48m[AndroidUiautomator2Driver@ec5b (b9c5df52)][0m Driver proxy active, passing request on via HTTP proxy
[38;5;48m[AndroidUiautomator2Driver@ec5b (b9c5df52)][0m Replacing sessionId f56bc49b-b344-4ad6-9907-bce1faf65add with b9c5df52-b92f-48a7-a90e-4a3b3638c62c
[38;5;0m[HTTP][0m <-- GET /wd/hub/session/b9c5df52-b92f-48a7-a90e-4a3b3638c62c/source 200 1587 ms - 22398
[38;5;0m[HTTP][0m 
[38;5;0m[HTTP][0m [37m-->[39m [37mGET[39m [37m/wd/hub/session/b9c5df52-b92f-48a7-a90e-4a3b3638c62c/screenshot[39m
[38;5;0m[HTTP][0m {}
[38;5;0m[HTTP][0m <-- GET /wd/hub/session/b9c5df52-b92f-48a7-a90e-4a3b3638c62c/screenshot 200 1151 ms - 297748
[38;5;0m[HTTP][0m 
[38;5;0m[HTTP][0m [37m-->[39m [37mGET[39m [37m/wd/hub/session/b9c5df52-b92f-48a7-a90e-4a3b3638c62c/source[39m
[38;5;0m[HTTP][0m {}
[38;5;48m[AndroidUiautomator2Driver@ec5b (b9c5df52)][0m Driver proxy active, passing request on via HTTP proxy
[38;5;48m[AndroidUiautomator2Driver@ec5b (b9c5df52)][0m Replacing sessionId f56bc49b-b344-4ad6-9907-bce1faf65add with b9c5df52-b92f-48a7-a90e-4a3b3638c62c
[38;5;0m[HTTP][0m <-- GET /wd/hub/session/b9c5df52-b92f-48a7-a90e-4a3b3638c62c/source 200 1007 ms - 23321
[38;5;0m[HTTP][0m 
[38;5;0m[HTTP][0m [37m-->[39m [37mGET[39m [37m/wd/hub/session/b9c5df52-b92f-48a7-a90e-4a3b3638c62c/screenshot[39m
[38;5;0m[HTTP][0m {}
[38;5;0m[HTTP][0m <-- GET /wd/hub/session/b9c5df52-b92f-48a7-a90e-4a3b3638c62c/screenshot 200 949 ms - 301632
[38;5;0m[HTTP][0m 
[38;5;0m[HTTP][0m [37m-->[39m [37mGET[39m [37m/wd/hub/session/b9c5df52-b92f-48a7-a90e-4a3b3638c62c/source[39m
[38;5;0m[HTTP][0m {}
[38;5;48m[AndroidUiautomator2Driver@ec5b (b9c5df52)][0m Driver proxy active, passing request on via HTTP proxy
[38;5;48m[AndroidUiautomator2Driver@ec5b (b9c5df52)][0m Replacing sessionId f56bc49b-b344-4ad6-9907-bce1faf65add with b9c5df52-b92f-48a7-a90e-4a3b3638c62c
[38;5;0m[HTTP][0m <-- GET /wd/hub/session/b9c5df52-b92f-48a7-a90e-4a3b3638c62c/source 200 2699 ms - 39788
[38;5;0m[HTTP][0m 
[38;5;0m[HTTP][0m [37m-->[39m [37mGET[39m [37m/wd/hub/session/b9c5df52-b92f-48a7-a90e-4a3b3638c62c/screenshot[39m
[38;5;0m[HTTP][0m {}
[38;5;0m[HTTP][0m <-- GET /wd/hub/session/b9c5df52-b92f-48a7-a90e-4a3b3638c62c/screenshot 200 1507 ms - 2469556
[38;5;0m[HTTP][0m 
[38;5;0m[HTTP][0m [37m-->[39m [37mPOST[39m [37m/wd/hub/session/b9c5df52-b92f-48a7-a90e-4a3b3638c62c/elements[39m
[38;5;0m[HTTP][0m {"using":"xpath","value":"//*[@class = 'android.widget.Button' and @resource-id = 'com.facebook.katana:id/(name removed)' and (@text = '' or . = '')]"}
[38;5;0m[HTTP][0m <-- POST /wd/hub/session/b9c5df52-b92f-48a7-a90e-4a3b3638c62c/elements 200 1597 ms - 267
[38;5;0m[HTTP][0m 
[38;5;0m[HTTP][0m [37m-->[39m [37mPOST[39m [37m/wd/hub/session/b9c5df52-b92f-48a7-a90e-4a3b3638c62c/elements[39m
[38;5;0m[HTTP][0m {"using":"accessibility id","value":"Search Facebook"}
[38;5;0m[HTTP][0m <-- POST /wd/hub/session/b9c5df52-b92f-48a7-a90e-4a3b3638c62c/elements 200 204 ms - 139
[38;5;0m[HTTP][0m 
[38;5;0m[HTTP][0m [37m-->[39m [37mGET[39m [37m/wd/hub/session/b9c5df52-b92f-48a7-a90e-4a3b3638c62c/window/rect[39m
[38;5;0m[HTTP][0m {}
[38;5;0m[HTTP][0m <-- GET /wd/hub/session/b9c5df52-b92f-48a7-a90e-4a3b3638c62c/window/rect 200 32 ms - 50
[38;5;0m[HTTP][0m 
[38;5;0m[HTTP][0m [37m-->[39m [37mPOST[39m [37m/wd/hub/session/b9c5df52-b92f-48a7-a90e-4a3b3638c62c/elements[39m
[38;5;0m[HTTP][0m {"using":"accessibility id","value":"Search Facebook"}
[38;5;0m[HTTP][0m <-- POST /wd/hub/session/b9c5df52-b92f-48a7-a90e-4a3b3638c62c/elements 200 198 ms - 139
[38;5;0m[HTTP][0m 
[38;5;0m[HTTP][0m [37m-->[39m [37mGET[39m [37m/wd/hub/session/b9c5df52-b92f-48a7-a90e-4a3b3638c62c/element/00000000-0000-0196-ffff-ffff0000011c/location[39m
[38;5;0m[HTTP][0m {}
[38;5;48m[AndroidUiautomator2Driver@ec5b (b9c5df52)][0m Driver proxy active, passing request on via HTTP proxy
[38;5;48m[AndroidUiautomator2Driver@ec5b (b9c5df52)][0m Replacing sessionId f56bc49b-b344-4ad6-9907-bce1faf65add with b9c5df52-b92f-48a7-a90e-4a3b3638c62c
[38;5;0m[HTTP][0m <-- GET /wd/hub/session/b9c5df52-b92f-48a7-a90e-4a3b3638c62c/element/00000000-0000-0196-ffff-ffff0000011c/location 200 58 ms - 77
[38;5;0m[HTTP][0m 
[38;5;0m[HTTP][0m [37m-->[39m [37mPOST[39m [37m/wd/hub/session/b9c5df52-b92f-48a7-a90e-4a3b3638c62c/element/00000000-0000-0196-ffff-ffff0000011c/click[39m
[38;5;0m[HTTP][0m {"id":"00000000-0000-0196-ffff-ffff0000011c"}
[38;5;0m[HTTP][0m <-- POST /wd/hub/session/b9c5df52-b92f-48a7-a90e-4a3b3638c62c/element/00000000-0000-0196-ffff-ffff0000011c/click 200 121 ms - 14
[38;5;0m[HTTP][0m 
[38;5;0m[HTTP][0m [37m-->[39m [37mGET[39m [37m/wd/hub/session/b9c5df52-b92f-48a7-a90e-4a3b3638c62c/source[39m
[38;5;0m[HTTP][0m {}
[38;5;48m[AndroidUiautomator2Driver@ec5b (b9c5df52)][0m Driver proxy active, passing request on via HTTP proxy
[38;5;48m[AndroidUiautomator2Driver@ec5b (b9c5df52)][0m Replacing sessionId f56bc49b-b344-4ad6-9907-bce1faf65add with b9c5df52-b92f-48a7-a90e-4a3b3638c62c
[38;5;0m[HTTP][0m <-- GET /wd/hub/session/b9c5df52-b92f-48a7-a90e-4a3b3638c62c/source 200 2147 ms - 19682
[38;5;0m[HTTP][0m 
[38;5;0m[HTTP][0m [37m-->[39m [37mGET[39m [37m/wd/hub/session/b9c5df52-b92f-48a7-a90e-4a3b3638c62c/screenshot[39m
[38;5;0m[HTTP][0m {}
[38;5;0m[HTTP][0m <-- GET /wd/hub/session/b9c5df52-b92f-48a7-a90e-4a3b3638c62c/screenshot 200 1464 ms - 1431104
[38;5;0m[HTTP][0m 
[38;5;0m[HTTP][0m [37m-->[39m [37mPOST[39m [37m/wd/hub/session/b9c5df52-b92f-48a7-a90e-4a3b3638c62c/elements[39m
[38;5;0m[HTTP][0m {"using":"xpath","value":"//*[@class = 'android.widget.FrameLayout' and @resource-id = 'com.facebook.katana:id/(name removed)' and (@text = '' or . = '')]"}
[38;5;0m[HTTP][0m <-- POST /wd/hub/session/b9c5df52-b92f-48a7-a90e-4a3b3638c62c/elements 200 362 ms - 651
[38;5;0m[HTTP][0m 
[38;5;0m[HTTP][0m [37m-->[39m [37mPOST[39m [37m/wd/hub/session/b9c5df52-b92f-48a7-a90e-4a3b3638c62c/elements[39m
[38;5;0m[HTTP][0m {"using":"id","value":"com.facebook.katana:id/(name removed)"}
[38;5;0m[HTTP][0m <-- POST /wd/hub/session/b9c5df52-b92f-48a7-a90e-4a3b3638c62c/elements 200 60208 ms - 12
[38;5;0m[HTTP][0m 
[38;5;0m[HTTP][0m [37m-->[39m [37mPOST[39m [37m/wd/hub/session/b9c5df52-b92f-48a7-a90e-4a3b3638c62c/elements[39m
[38;5;0m[HTTP][0m {"using":"-android uiautomator","value":"new UiSelector().className(\"android.widget.FrameLayout\").resourceId(\"com.facebook.katana:id/(name removed)\")"}
[38;5;0m[HTTP][0m <-- POST /wd/hub/session/b9c5df52-b92f-48a7-a90e-4a3b3638c62c/elements 200 294 ms - 651
[38;5;0m[HTTP][0m 
[38;5;0m[HTTP][0m [37m-->[39m [37mGET[39m [37m/wd/hub/session/b9c5df52-b92f-48a7-a90e-4a3b3638c62c/window/rect[39m
[38;5;0m[HTTP][0m {}
[38;5;0m[HTTP][0m <-- GET /wd/hub/session/b9c5df52-b92f-48a7-a90e-4a3b3638c62c/window/rect 200 21 ms - 50
[38;5;0m[HTTP][0m 
[38;5;0m[HTTP][0m [37m-->[39m [37mPOST[39m [37m/wd/hub/session/b9c5df52-b92f-48a7-a90e-4a3b3638c62c/elements[39m
[38;5;0m[HTTP][0m {"using":"xpath","value":"//hierarchy/android.widget.FrameLayout[1]/android.widget.LinearLayout[1]/android.widget.FrameLayout[1]/android.widget.FrameLayout[1]/android.widget.FrameLayout[1]"}
[38;5;0m[HTTP][0m <-- POST /wd/hub/session/b9c5df52-b92f-48a7-a90e-4a3b3638c62c/elements 200 359 ms - 139
[38;5;0m[HTTP][0m 
[38;5;0m[HTTP][0m [37m-->[39m [37mGET[39m [37m/wd/hub/session/b9c5df52-b92f-48a7-a90e-4a3b3638c62c/element/00000000-0000-0199-ffff-ffff000004fb/location[39m
[38;5;0m[HTTP][0m {}
[38;5;48m[AndroidUiautomator2Driver@ec5b (b9c5df52)][0m Driver proxy active, passing request on via HTTP proxy
[38;5;48m[AndroidUiautomator2Driver@ec5b (b9c5df52)][0m Replacing sessionId f56bc49b-b344-4ad6-9907-bce1faf65add with b9c5df52-b92f-48a7-a90e-4a3b3638c62c
[38;5;0m[HTTP][0m <-- GET /wd/hub/session/b9c5df52-b92f-48a7-a90e-4a3b3638c62c/element/00000000-0000-0199-ffff-ffff000004fb/location 200 35 ms - 75
[38;5;0m[HTTP][0m 
[38;5;0m[HTTP][0m [37m-->[39m [37mPOST[39m [37m/wd/hub/session/b9c5df52-b92f-48a7-a90e-4a3b3638c62c/element/00000000-0000-0199-ffff-ffff000004fb/clear[39m
[38;5;0m[HTTP][0m {"id":"00000000-0000-0199-ffff-ffff000004fb"}
[38;5;0m[HTTP][0m <-- POST /wd/hub/session/b9c5df52-b92f-48a7-a90e-4a3b3638c62c/element/00000000-0000-0199-ffff-ffff000004fb/clear 200 34 ms - 14
[38;5;0m[HTTP][0m 
[38;5;0m[HTTP][0m [37m-->[39m [37mPOST[39m [37m/wd/hub/session/b9c5df52-b92f-48a7-a90e-4a3b3638c62c/element/00000000-0000-0199-ffff-ffff000004fb/click[39m
[38;5;0m[HTTP][0m {"id":"00000000-0000-0199-ffff-ffff000004fb"}
[38;5;0m[HTTP][0m <-- POST /wd/hub/session/b9c5df52-b92f-48a7-a90e-4a3b3638c62c/element/00000000-0000-0199-ffff-ffff000004fb/click 200 2047 ms - 14
[38;5;0m[HTTP][0m 
[38;5;0m[HTTP][0m [37m-->[39m [37mPOST[39m [37m/wd/hub/session/b9c5df52-b92f-48a7-a90e-4a3b3638c62c/element/00000000-0000-0199-ffff-ffff000004fb/value[39m
[38;5;0m[HTTP][0m {"id":"00000000-0000-0199-ffff-ffff000004fb","text":"christine rasi juwita nababan","value":["c","h","r","i","s","t","i","n","e"," ","r","a","s","i"," ","j","u","w","i","t","a"," ","n","a","b","a","b","a","n"]}
[38;5;48m[AndroidUiautomator2Driver@ec5b (b9c5df52)][0m Got response with status 404: {"sessionId":"f56bc49b-b344-4ad6-9907-bce1faf65add","value":{"error":"stale element reference","message":"Cached elements 'By.xpath: //hierarchy/android.widget.FrameLayout[1]/android.widget.LinearLayout[1]/android.widget.FrameLayout[1]/android.widget.FrameLayout[1]/android.widget.FrameLayout[1]' do not exist in DOM anymore","stacktrace":"io.appium.uiautomator2.common.exceptions.StaleElementReferenceException: Cached elements 'By.xpath: //hierarchy/android.widget.FrameLayout[1]/android.widget.LinearLayout[1]/android.widget.FrameLayout[1]/android.widget.FrameLayout[1]/android.widget.FrameLayout[1]' do not exist in DOM anymore\n\tat io.appium.uiautomator2.model.ElementsCache.restore(ElementsCache.java:78)\n\tat io.appium.uiautomator2.model.ElementsCache.get(ElementsCache.java:153)\n\tat io.appium.uiautomator2.handler.SendKeysToElement.safeHandle(SendKeysToElement.java:104)\n\tat io.appium.uiautomator2.handler.request.SafeRequestHandler.handle(SafeRequestHandler.java:59)\n\tat io.appium.uiautomator2.server.App...
[38;5;0m[HTTP][0m <-- POST /wd/hub/session/b9c5df52-b92f-48a7-a90e-4a3b3638c62c/element/00000000-0000-0199-ffff-ffff000004fb/value 404 111 ms - 4243
[38;5;0m[HTTP][0m 
[38;5;0m[HTTP][0m [37m-->[39m [37mPOST[39m [37m/wd/hub/session/b9c5df52-b92f-48a7-a90e-4a3b3638c62c/elements[39m
[38;5;0m[HTTP][0m {"using":"xpath","value":"//*[@class = 'android.widget.EditText' and (@text = 'Search' or . = 'Search') and @resource-id = 'com.facebook.katana:id/(name removed)']"}
[38;5;0m[HTTP][0m <-- POST /wd/hub/session/b9c5df52-b92f-48a7-a90e-4a3b3638c62c/elements 200 438 ms - 139
[38;5;0m[HTTP][0m 
[38;5;0m[HTTP][0m [37m-->[39m [37mGET[39m [37m/wd/hub/session/b9c5df52-b92f-48a7-a90e-4a3b3638c62c/window/rect[39m
[38;5;0m[HTTP][0m {}
[38;5;0m[HTTP][0m <-- GET /wd/hub/session/b9c5df52-b92f-48a7-a90e-4a3b3638c62c/window/rect 200 17 ms - 50
[38;5;0m[HTTP][0m 
[38;5;0m[HTTP][0m [37m-->[39m [37mPOST[39m [37m/wd/hub/session/b9c5df52-b92f-48a7-a90e-4a3b3638c62c/elements[39m
[38;5;0m[HTTP][0m {"using":"xpath","value":"//*[@class = 'android.widget.EditText' and (@text = 'Search' or . = 'Search') and @resource-id = 'com.facebook.katana:id/(name removed)']"}
[38;5;0m[HTTP][0m <-- POST /wd/hub/session/b9c5df52-b92f-48a7-a90e-4a3b3638c62c/elements 200 422 ms - 139
[38;5;0m[HTTP][0m 
[38;5;0m[HTTP][0m [37m-->[39m [37mGET[39m [37m/wd/hub/session/b9c5df52-b92f-48a7-a90e-4a3b3638c62c/element/00000000-0000-0199-ffff-ffff0000050c/location[39m
[38;5;0m[HTTP][0m {}
[38;5;48m[AndroidUiautomator2Driver@ec5b (b9c5df52)][0m Driver proxy active, passing request on via HTTP proxy
[38;5;48m[AndroidUiautomator2Driver@ec5b (b9c5df52)][0m Replacing sessionId f56bc49b-b344-4ad6-9907-bce1faf65add with b9c5df52-b92f-48a7-a90e-4a3b3638c62c
[38;5;0m[HTTP][0m <-- GET /wd/hub/session/b9c5df52-b92f-48a7-a90e-4a3b3638c62c/element/00000000-0000-0199-ffff-ffff0000050c/location 200 37 ms - 77
[38;5;0m[HTTP][0m 
[38;5;0m[HTTP][0m [37m-->[39m [37mPOST[39m [37m/wd/hub/session/b9c5df52-b92f-48a7-a90e-4a3b3638c62c/element/00000000-0000-0199-ffff-ffff0000050c/clear[39m
[38;5;0m[HTTP][0m {"id":"00000000-0000-0199-ffff-ffff0000050c"}
[38;5;0m[HTTP][0m <-- POST /wd/hub/session/b9c5df52-b92f-48a7-a90e-4a3b3638c62c/element/00000000-0000-0199-ffff-ffff0000050c/clear 200 39 ms - 14
[38;5;0m[HTTP][0m 
[38;5;0m[HTTP][0m [37m-->[39m [37mPOST[39m [37m/wd/hub/session/b9c5df52-b92f-48a7-a90e-4a3b3638c62c/element/00000000-0000-0199-ffff-ffff0000050c/click[39m
[38;5;0m[HTTP][0m {"id":"00000000-0000-0199-ffff-ffff0000050c"}
[38;5;0m[HTTP][0m <-- POST /wd/hub/session/b9c5df52-b92f-48a7-a90e-4a3b3638c62c/element/00000000-0000-0199-ffff-ffff0000050c/click 200 726 ms - 14
[38;5;0m[HTTP][0m 
[38;5;0m[HTTP][0m [37m-->[39m [37mPOST[39m [37m/wd/hub/session/b9c5df52-b92f-48a7-a90e-4a3b3638c62c/element/00000000-0000-0199-ffff-ffff0000050c/value[39m
[38;5;0m[HTTP][0m {"id":"00000000-0000-0199-ffff-ffff0000050c","text":"christine rasi juwita nababan","value":["c","h","r","i","s","t","i","n","e"," ","r","a","s","i"," ","j","u","w","i","t","a"," ","n","a","b","a","b","a","n"]}
[38;5;0m[HTTP][0m <-- POST /wd/hub/session/b9c5df52-b92f-48a7-a90e-4a3b3638c62c/element/00000000-0000-0199-ffff-ffff0000050c/value 200 1742 ms - 14
[38;5;0m[HTTP][0m 
[38;5;0m[HTTP][0m [37m-->[39m [37mGET[39m [37m/wd/hub/session/b9c5df52-b92f-48a7-a90e-4a3b3638c62c/source[39m
[38;5;0m[HTTP][0m {}
[38;5;48m[AndroidUiautomator2Driver@ec5b (b9c5df52)][0m Driver proxy active, passing request on via HTTP proxy
[38;5;48m[AndroidUiautomator2Driver@ec5b (b9c5df52)][0m Replacing sessionId f56bc49b-b344-4ad6-9907-bce1faf65add with b9c5df52-b92f-48a7-a90e-4a3b3638c62c
[38;5;0m[HTTP][0m <-- GET /wd/hub/session/b9c5df52-b92f-48a7-a90e-4a3b3638c62c/source 200 1326 ms - 20173
[38;5;0m[HTTP][0m 
[38;5;0m[HTTP][0m [37m-->[39m [37mGET[39m [37m/wd/hub/session/b9c5df52-b92f-48a7-a90e-4a3b3638c62c/screenshot[39m
[38;5;0m[HTTP][0m {}
[38;5;0m[HTTP][0m <-- GET /wd/hub/session/b9c5df52-b92f-48a7-a90e-4a3b3638c62c/screenshot 200 1306 ms - 1436336
[38;5;0m[HTTP][0m 
[38;5;0m[HTTP][0m [37m-->[39m [37mGET[39m [37m/wd/hub/session/b9c5df52-b92f-48a7-a90e-4a3b3638c62c/source[39m
[38;5;0m[HTTP][0m {}
[38;5;48m[AndroidUiautomator2Driver@ec5b (b9c5df52)][0m Driver proxy active, passing request on via HTTP proxy
[38;5;48m[AndroidUiautomator2Driver@ec5b (b9c5df52)][0m Replacing sessionId f56bc49b-b344-4ad6-9907-bce1faf65add with b9c5df52-b92f-48a7-a90e-4a3b3638c62c
[38;5;0m[HTTP][0m <-- GET /wd/hub/session/b9c5df52-b92f-48a7-a90e-4a3b3638c62c/source 200 266 ms - 14862
[38;5;0m[HTTP][0m 
[38;5;0m[HTTP][0m [37m-->[39m [37mGET[39m [37m/wd/hub/session/b9c5df52-b92f-48a7-a90e-4a3b3638c62c/screenshot[39m
[38;5;0m[HTTP][0m {}
[38;5;0m[HTTP][0m <-- GET /wd/hub/session/b9c5df52-b92f-48a7-a90e-4a3b3638c62c/screenshot 200 620 ms - 397528
[38;5;0m[HTTP][0m 
[38;5;0m[HTTP][0m [37m-->[39m [37mPOST[39m [37m/wd/hub/session/b9c5df52-b92f-48a7-a90e-4a3b3638c62c/elements[39m
[38;5;0m[HTTP][0m {"using":"xpath","value":"//*[@class = 'android.view.ViewGroup' and (@text = '' or . = '')]"}
[38;5;0m[HTTP][0m <-- POST /wd/hub/session/b9c5df52-b92f-48a7-a90e-4a3b3638c62c/elements 200 320 ms - 1675
[38;5;0m[HTTP][0m 
[38;5;0m[HTTP][0m [37m-->[39m [37mPOST[39m [37m/wd/hub/session/b9c5df52-b92f-48a7-a90e-4a3b3638c62c/elements[39m
[38;5;0m[HTTP][0m {"using":"-android uiautomator","value":"new UiSelector().className(\"android.view.ViewGroup\")"}
[38;5;0m[HTTP][0m <-- POST /wd/hub/session/b9c5df52-b92f-48a7-a90e-4a3b3638c62c/elements 200 309 ms - 1675
[38;5;0m[HTTP][0m 
[38;5;0m[HTTP][0m [37m-->[39m [37mGET[39m [37m/wd/hub/session/b9c5df52-b92f-48a7-a90e-4a3b3638c62c/window/rect[39m
[38;5;0m[HTTP][0m {}
[38;5;0m[HTTP][0m <-- GET /wd/hub/session/b9c5df52-b92f-48a7-a90e-4a3b3638c62c/window/rect 200 16 ms - 50
[38;5;0m[HTTP][0m 
[38;5;0m[HTTP][0m [37m-->[39m [37mPOST[39m [37m/wd/hub/session/b9c5df52-b92f-48a7-a90e-4a3b3638c62c/elements[39m
[38;5;0m[HTTP][0m {"using":"xpath","value":"//hierarchy/android.widget.FrameLayout[1]/android.widget.LinearLayout[1]/android.widget.FrameLayout[1]/android.widget.FrameLayout[1]/android.widget.FrameLayout[1]/android.widget.LinearLayout[1]/android.widget.FrameLayout[1]/android.widget.FrameLayout[1]/android.view.ViewGroup[1]/android.view.ViewGroup[1]/androidx.recyclerview.widget.RecyclerView[1]/android.view.ViewGroup[5]"}
[38;5;0m[HTTP][0m <-- POST /wd/hub/session/b9c5df52-b92f-48a7-a90e-4a3b3638c62c/elements 200 258 ms - 139
[38;5;0m[HTTP][0m 
[38;5;0m[HTTP][0m [37m-->[39m [37mGET[39m [37m/wd/hub/session/b9c5df52-b92f-48a7-a90e-4a3b3638c62c/element/00000000-0000-0199-ffff-ffff0000061c/location[39m
[38;5;0m[HTTP][0m {}
[38;5;48m[AndroidUiautomator2Driver@ec5b (b9c5df52)][0m Driver proxy active, passing request on via HTTP proxy
[38;5;48m[AndroidUiautomator2Driver@ec5b (b9c5df52)][0m Replacing sessionId f56bc49b-b344-4ad6-9907-bce1faf65add with b9c5df52-b92f-48a7-a90e-4a3b3638c62c
[38;5;0m[HTTP][0m <-- GET /wd/hub/session/b9c5df52-b92f-48a7-a90e-4a3b3638c62c/element/00000000-0000-0199-ffff-ffff0000061c/location 200 33 ms - 76
[38;5;0m[HTTP][0m 
[38;5;0m[HTTP][0m [37m-->[39m [37mPOST[39m [37m/wd/hub/session/b9c5df52-b92f-48a7-a90e-4a3b3638c62c/element/00000000-0000-0199-ffff-ffff0000061c/click[39m
[38;5;0m[HTTP][0m {"id":"00000000-0000-0199-ffff-ffff0000061c"}
[38;5;0m[HTTP][0m <-- POST /wd/hub/session/b9c5df52-b92f-48a7-a90e-4a3b3638c62c/element/00000000-0000-0199-ffff-ffff0000061c/click 200 2581 ms - 14
[38;5;0m[HTTP][0m 
[38;5;0m[HTTP][0m [37m-->[39m [37mGET[39m [37m/wd/hub/session/b9c5df52-b92f-48a7-a90e-4a3b3638c62c/source[39m
[38;5;0m[HTTP][0m {}
[38;5;48m[AndroidUiautomator2Driver@ec5b (b9c5df52)][0m Driver proxy active, passing request on via HTTP proxy
[38;5;48m[AndroidUiautomator2Driver@ec5b (b9c5df52)][0m Replacing sessionId f56bc49b-b344-4ad6-9907-bce1faf65add with b9c5df52-b92f-48a7-a90e-4a3b3638c62c
[38;5;0m[HTTP][0m <-- GET /wd/hub/session/b9c5df52-b92f-48a7-a90e-4a3b3638c62c/source 200 598 ms - 47309
[38;5;0m[HTTP][0m 
[38;5;0m[HTTP][0m [37m-->[39m [37mGET[39m [37m/wd/hub/session/b9c5df52-b92f-48a7-a90e-4a3b3638c62c/screenshot[39m
[38;5;0m[HTTP][0m {}
[38;5;0m[HTTP][0m <-- GET /wd/hub/session/b9c5df52-b92f-48a7-a90e-4a3b3638c62c/screenshot 200 771 ms - 669976
[38;5;0m[HTTP][0m 
[38;5;0m[HTTP][0m [37m-->[39m [37mPOST[39m [37m/wd/hub/session/b9c5df52-b92f-48a7-a90e-4a3b3638c62c/elements[39m
[38;5;0m[HTTP][0m {"using":"xpath","value":"//*[@class = 'android.view.ViewGroup' and (@text = '' or . = '')]"}
[38;5;0m[HTTP][0m <-- POST /wd/hub/session/b9c5df52-b92f-48a7-a90e-4a3b3638c62c/elements 200 421 ms - 9995
[38;5;0m[HTTP][0m 
[38;5;0m[HTTP][0m [37m-->[39m [37mPOST[39m [37m/wd/hub/session/b9c5df52-b92f-48a7-a90e-4a3b3638c62c/elements[39m
[38;5;0m[HTTP][0m {"using":"-android uiautomator","value":"new UiSelector().className(\"android.view.ViewGroup\")"}
[38;5;0m[HTTP][0m <-- POST /wd/hub/session/b9c5df52-b92f-48a7-a90e-4a3b3638c62c/elements 200 669 ms - 9995
[38;5;0m[HTTP][0m 
[38;5;0m[HTTP][0m [37m-->[39m [37mPOST[39m [37m/wd/hub/session/b9c5df52-b92f-48a7-a90e-4a3b3638c62c/elements[39m
[38;5;0m[HTTP][0m {"using":"xpath","value":"//*[@class = 'android.view.ViewGroup' and (@text = '' or . = '')]"}
[38;5;0m[HTTP][0m <-- POST /wd/hub/session/b9c5df52-b92f-48a7-a90e-4a3b3638c62c/elements 200 330 ms - 9995
[38;5;0m[HTTP][0m 
[38;5;0m[HTTP][0m [37m-->[39m [37mPOST[39m [37m/wd/hub/session/b9c5df52-b92f-48a7-a90e-4a3b3638c62c/elements[39m
[38;5;0m[HTTP][0m {"using":"-android uiautomator","value":"new UiSelector().className(\"android.view.ViewGroup\")"}
[38;5;0m[HTTP][0m <-- POST /wd/hub/session/b9c5df52-b92f-48a7-a90e-4a3b3638c62c/elements 200 681 ms - 9995
[38;5;0m[HTTP][0m 
[38;5;0m[HTTP][0m [37m-->[39m [37mPOST[39m [37m/wd/hub/session/b9c5df52-b92f-48a7-a90e-4a3b3638c62c/elements[39m
[38;5;0m[HTTP][0m {"using":"xpath","value":"//*[@class = 'android.view.ViewGroup' and (@text = '' or . = '')]"}
[38;5;0m[HTTP][0m <-- POST /wd/hub/session/b9c5df52-b92f-48a7-a90e-4a3b3638c62c/elements 200 478 ms - 9995
[38;5;0m[HTTP][0m 
[38;5;0m[HTTP][0m [37m-->[39m [37mPOST[39m [37m/wd/hub/session/b9c5df52-b92f-48a7-a90e-4a3b3638c62c/elements[39m
[38;5;0m[HTTP][0m {"using":"-android uiautomator","value":"new UiSelector().className(\"android.view.ViewGroup\")"}
[38;5;0m[HTTP][0m <-- POST /wd/hub/session/b9c5df52-b92f-48a7-a90e-4a3b3638c62c/elements 200 969 ms - 9995
[38;5;0m[HTTP][0m 
[38;5;0m[HTTP][0m [37m-->[39m [37mPOST[39m [37m/wd/hub/session/b9c5df52-b92f-48a7-a90e-4a3b3638c62c/elements[39m
[38;5;0m[HTTP][0m {"using":"xpath","value":"//*[@class = 'android.view.ViewGroup' and (@text = '' or . = '')]"}
[38;5;0m[HTTP][0m <-- POST /wd/hub/session/b9c5df52-b92f-48a7-a90e-4a3b3638c62c/elements 200 524 ms - 9995
[38;5;0m[HTTP][0m 
[38;5;0m[HTTP][0m [37m-->[39m [37mPOST[39m [37m/wd/hub/session/b9c5df52-b92f-48a7-a90e-4a3b3638c62c/elements[39m
[38;5;0m[HTTP][0m {"using":"-android uiautomator","value":"new UiSelector().className(\"android.view.ViewGroup\")"}
[38;5;0m[HTTP][0m <-- POST /wd/hub/session/b9c5df52-b92f-48a7-a90e-4a3b3638c62c/elements 200 742 ms - 9995
[38;5;0m[HTTP][0m 
[38;5;0m[HTTP][0m [37m-->[39m [37mGET[39m [37m/wd/hub/session/b9c5df52-b92f-48a7-a90e-4a3b3638c62c/source[39m
[38;5;0m[HTTP][0m {}
[38;5;48m[AndroidUiautomator2Driver@ec5b (b9c5df52)][0m Driver proxy active, passing request on via HTTP proxy
[38;5;48m[AndroidUiautomator2Driver@ec5b (b9c5df52)][0m Replacing sessionId f56bc49b-b344-4ad6-9907-bce1faf65add with b9c5df52-b92f-48a7-a90e-4a3b3638c62c
[38;5;0m[HTTP][0m <-- GET /wd/hub/session/b9c5df52-b92f-48a7-a90e-4a3b3638c62c/source 200 325 ms - 47309
[38;5;0m[HTTP][0m 
[38;5;0m[HTTP][0m [37m-->[39m [37mGET[39m [37m/wd/hub/session/b9c5df52-b92f-48a7-a90e-4a3b3638c62c/screenshot[39m
[38;5;0m[HTTP][0m {}
[38;5;0m[HTTP][0m <-- GET /wd/hub/session/b9c5df52-b92f-48a7-a90e-4a3b3638c62c/screenshot 200 661 ms - 670128
[38;5;0m[HTTP][0m 
[38;5;0m[HTTP][0m [37m-->[39m [37mDELETE[39m [37m/wd/hub/session/b9c5df52-b92f-48a7-a90e-4a3b3638c62c[39m
[38;5;0m[HTTP][0m {}
[38;5;16m[AppiumDriver@c69f][0m Removing session b9c5df52-b92f-48a7-a90e-4a3b3638c62c from our master session list
[38;5;48m[AndroidUiautomator2Driver@ec5b (b9c5df52)][0m Restoring hidden api policy to the device default configuration
[38;5;0m[HTTP][0m <-- DELETE /wd/hub/session/b9c5df52-b92f-48a7-a90e-4a3b3638c62c 200 1220 ms - 14
[38;5;0m[HTTP][0m 
[Appium] Received SIGTERM - shutting down
[38;5;0m[HTTP][0m Waiting until the server is closed
[38;5;0m[HTTP][0m Received server close event
